<?xml version='1.0' encoding='UTF-8'?>
<testsuite hostname="DESKTOP-KCULRDT" name="com.atos.exercise.ShoppingCartSpec" tests="5" errors="0" failures="0" skipped="0" time="0.04" timestamp="2023-04-19T04:46:19">
          <properties>
[...]
</properties>
          <testcase classname="com.atos.exercise.ShoppingCartSpec" name="ShoppingCart.calculateTotalCost should return 0.0 for an empty list" time="0.026">
                      
                    </testcase><testcase classname="com.atos.exercise.ShoppingCartSpec" name="ShoppingCart.calculateTotalCost should return the correct total cost for a list of apples and oranges" time="0.006">
                      
                    </testcase><testcase classname="com.atos.exercise.ShoppingCartSpec" name="Item.AppleOffer should remove the price of every second apple in the list" time="0.004">
                      
                    </testcase><testcase classname="com.atos.exercise.ShoppingCartSpec" name="Item.OrangeOffer should remove the price of every third orange in the list" time="0.003">
                      
                    </testcase><testcase classname="com.atos.exercise.ShoppingCartSpec" name="Item.OrangeOffer should apply both offers and return the correct total cost" time="0.001">
                      
                    </testcase>
          <system-out><![CDATA[]]></system-out>
          <system-err><![CDATA[]]></system-err>
        </testsuite>